<?xml version="1.0" encoding="UTF-8" ?>
<testsuite tests="12" failures="0" name="com.test.runner.TestRunner" time="0.004" errors="0" skipped="0">
  <properties>
[...]
</properties>
  <testcase classname="| 0163 | 0008 | 0432 |" name="Given Assign Destination &quot;0432&quot;  to the trailer with OrgID &quot;0163&quot; and Door number &quot;0008&quot;" time="0.003"/>
  <testcase classname="| 0163 | 0008 | 0432 |" name="When Destination Assignment to trailer is successful" time="0"/>
  <testcase classname="| 0163 | 0008 | 0432 |" name="Then User should be able to see Trailer assigned to given destination at the door on TMS-Dock Loading Status screen." time="0"/>
  <testcase classname="| 0163 | 0008 | 0432 |" name="| 0163 | 0008 | 0432 |" time="0.001"/>
  <testcase classname="| 0163 | 834557 |" name="Given Close trailer with OrgID &quot;0163&quot; and TrailerNum &quot;834557&quot;" time="0"/>
  <testcase classname="| 0163 | 834557 |" name="When Trailer Close is successful" time="0"/>
  <testcase classname="| 0163 | 834557 |" name="Then Trailer status should be Temporary Close on TMS-Dock Loading Status screen." time="0"/>
  <testcase classname="| 0163 | 834557 |" name="| 0163 | 834557 |" time="0"/>
  <testcase classname="| 0163 |" name="Given End Sort with OrgID &quot;0163&quot;" time="0"/>
  <testcase classname="| 0163 |" name="When End Sort is successful" time="0"/>
  <testcase classname="| 0163 |" name="Then Sort for OrgId must end" time="0"/>
  <testcase classname="| 0163 |" name="| 0163 |" time="0"/>
</testsuite>